d:\my project\jmc\jummechu_pjt (2)\jummechu_pjt\x64\debug\jummechu_pjt.pch
d:\my project\jmc\jummechu_pjt (2)\jummechu_pjt\x64\debug\vc120.pdb
d:\my project\jmc\jummechu_pjt (2)\jummechu_pjt\x64\debug\vc120.idb
d:\my project\jmc\jummechu_pjt (2)\jummechu_pjt\x64\debug\stdafx.obj
d:\my project\jmc\jummechu_pjt (2)\jummechu_pjt\x64\debug\jummechu_pjt.obj
d:\my project\jmc\jummechu_pjt (2)\jummechu_pjt\x64\debug\jummechu_pjtdlg.obj
d:\my project\jmc\jummechu_pjt (2)\jummechu_pjt\x64\debug\menulist.obj
d:\my project\jmc\jummechu_pjt (2)\x64\debug\jummechu_pjt.ilk
d:\my project\jmc\jummechu_pjt (2)\x64\debug\jummechu_pjt.exe
d:\my project\jmc\jummechu_pjt (2)\x64\debug\jummechu_pjt.pdb
d:\my project\jmc\jummechu_pjt (2)\jummechu_pjt\x64\debug\jummechu_pjt.res
d:\my project\jmc\jummechu_pjt (2)\jummechu_pjt\x64\debug\jummechu_pjt.tlog\cl.command.1.tlog
d:\my project\jmc\jummechu_pjt (2)\jummechu_pjt\x64\debug\jummechu_pjt.tlog\cl.read.1.tlog
d:\my project\jmc\jummechu_pjt (2)\jummechu_pjt\x64\debug\jummechu_pjt.tlog\cl.write.1.tlog
d:\my project\jmc\jummechu_pjt (2)\jummechu_pjt\x64\debug\jummechu_pjt.tlog\link.command.1.tlog
d:\my project\jmc\jummechu_pjt (2)\jummechu_pjt\x64\debug\jummechu_pjt.tlog\link.read.1.tlog
d:\my project\jmc\jummechu_pjt (2)\jummechu_pjt\x64\debug\jummechu_pjt.tlog\link.write.1.tlog
d:\my project\jmc\jummechu_pjt (2)\jummechu_pjt\x64\debug\jummechu_pjt.tlog\rc.command.1.tlog
d:\my project\jmc\jummechu_pjt (2)\jummechu_pjt\x64\debug\jummechu_pjt.tlog\rc.read.1.tlog
d:\my project\jmc\jummechu_pjt (2)\jummechu_pjt\x64\debug\jummechu_pjt.tlog\rc.write.1.tlog
