[16:03:03:0043]JMC
[16:03:23:0648]JMC
[16:05:12:0417]JMC
[16:05:21:0545]JMC
[16:05:34:0979]JMC
[16:05:42:0891]JMC
[16:06:05:0461]JMC
[16:07:16:0716]JMC
[16:07:23:0245]JMC
[16:07:34:0762]JMC
[16:07:48:0357]JMC
[16:27:45:0428][ADD]Menu:돈까스
[16:29:19:0470][ADD]Menu:5
[16:40:08:0766][ADD]Menu:김밥
[16:56:02:0012][ADD]Menu:치킨
[16:56:07:0586][ADD]Menu:피자
[16:56:12:0379][ADD]Menu:쌀국수
[16:56:15:0155][ADD]Menu:돈까스
[16:56:18:0197][ADD]Menu:라면
[16:56:24:0479][ADD]Menu:덮밥
[16:56:46:0774][ADD]Menu:제육볶음
[17:00:14:0726][ADD]Menu:라면
[17:00:29:0161][ADD]Menu:밀면
[17:04:44:0461][ADD]Menu:불고기
[17:04:48:0419][ADD]Menu:찜닭
[17:04:54:0739][ADD]Menu:닭볶음탕
[17:05:04:0091][ADD]Menu:된장찌개
[17:05:08:0175][ADD]Menu:김치찌개
[17:05:12:0043][ADD]Menu:부대찌개
[17:05:18:0010][ADD]Menu:카레
[17:05:21:0080][ADD]Menu:비빔밥
[17:05:25:0120][ADD]Menu:오므라이스
[17:05:28:0816][ADD]Menu:스테이크
[17:05:32:0831][ADD]Menu:월남쌈
[17:05:36:0514][ADD]Menu:수육
[17:05:40:0400][ADD]Menu:순두부찌개
[17:05:44:0756][ADD]Menu:청국장찌개
[17:05:48:0441][ADD]Menu:동태찌개
[17:05:54:0537][ADD]Menu:김치 볶음밥
[17:06:00:0502][ADD]Menu:제육 덮밥
[17:06:04:0636][ADD]Menu:연어 덮밥
[17:06:07:0986][ADD]Menu:아귀찜
[17:06:11:0364][ADD]Menu:쌈밥
[17:06:16:0830][ADD]Menu:낙지볶음
[17:06:21:0044][ADD]Menu:비지찌개
[17:06:25:0529][ADD]Menu:고추장찌개
[17:06:29:0429][ADD]Menu:오징어찌개
[17:06:35:0991][ADD]Menu:치킨마요덮밥
[17:06:39:0391][ADD]Menu:돈부리
[17:06:44:0213][ADD]Menu:오징어 덮밥
[17:06:48:0234][ADD]Menu:순대국
[17:06:54:0652][ADD]Menu:콩나물국밥
[17:06:59:0878][ADD]Menu:북엇국
[17:07:07:0845][ADD]Menu:라멘
[17:07:14:0803][ADD]Menu:토마토스파게티
[17:07:23:0555][ADD]Menu:크림스파게티
[17:07:26:0910][ADD]Menu:냉면
[17:07:31:0558][ADD]Menu:잔치국수
[17:07:34:0636][ADD]Menu:비빔국수
[17:07:38:0705][ADD]Menu:칼국수
[17:07:41:0810][ADD]Menu:우동
[17:07:45:0333][ADD]Menu:콩국수
[17:07:51:0825][ADD]Menu:홍합탕
[17:07:55:0309][ADD]Menu:뼈해장국
[17:07:59:0680][ADD]Menu:대파라면
[17:08:04:0476][ADD]Menu:매생이국
[17:08:08:0116][ADD]Menu:선지해장국
[17:08:11:0542][ADD]Menu:우거지국
[17:08:20:0725][ADD]Menu:초밥
[17:08:24:0842][ADD]Menu:짜장면
[17:08:28:0540][ADD]Menu:샌드위치
[17:08:35:0075][ADD]Menu:프렌치토스트
[17:08:39:0630][ADD]Menu:떡볶이
[17:08:43:0031][ADD]Menu:육개장
[17:08:46:0682][ADD]Menu:닭개장
[17:08:52:0828][ADD]Menu:떡국
[17:08:56:0623][ADD]Menu:깐풍기
[17:09:00:0228][ADD]Menu:마파두부
[17:09:03:0280][ADD]Menu:잡채
[17:09:06:0771][ADD]Menu:시리얼
[17:09:14:0289][ADD]Menu:샐러드
[17:09:18:0524][ADD]Menu:밥버거
[17:09:25:0789][ADD]Menu:소고기무국
[17:09:30:0400][ADD]Menu:시래깃국
[17:09:33:0795][ADD]Menu:갈비탕
[17:09:37:0353][ADD]Menu:팟타이
[17:09:40:0506][ADD]Menu:쌀국수
[17:09:43:0144][ADD]Menu:햄버거
[17:09:47:0094][ADD]Menu:핫도그
[17:09:54:0216][ADD]Menu:편의점도시락
[17:09:57:0772][ADD]Menu:김밥
[17:10:04:0439][ADD]Menu:유부초밥
[17:10:07:0778][ADD]Menu:추어탕
[17:10:11:0018][ADD]Menu:삼계탕
[17:10:14:0401][ADD]Menu:대구탕
